Android/Lab1/build/outputs/apk/manifest-merger-release-report.txt
-- Merging decision tree log ---
manifest
ADDED from AndroidManifest.xml:2:1
	package
		ADDED from AndroidManifest.xml:2:70
		INJECTED from AndroidManifest.xml:0:0
		INJECTED from AndroidManifest.xml:0:0
	android:versionName
		ADDED from AndroidManifest.xml:2:114
		INJECTED from AndroidManifest.xml:0:0
		INJECTED from AndroidManifest.xml:0:0
	android:versionCode
		ADDED from AndroidManifest.xml:2:90
		INJECTED from AndroidManifest.xml:0:0
		INJECTED from AndroidManifest.xml:0:0
	xmlns:android
		ADDED from AndroidManifest.xml:2:11
application
ADDED from AndroidManifest.xml:4:5
	android:label
		ADDED from AndroidManifest.xml:4:18
activity#org.hello.HelloActivity
ADDED from AndroidManifest.xml:5:9
	android:label
		ADDED from AndroidManifest.xml:5:49
	android:name
		ADDED from AndroidManifest.xml:5:19
intent-filter#android.intent.action.MAIN+android.intent.category.LAUNCHER
ADDED from AndroidManifest.xml:6:13
action#android.intent.action.MAIN
ADDED from AndroidManifest.xml:7:17
	android:name
		ADDED from AndroidManifest.xml:7:25
category#android.intent.category.LAUNCHER
ADDED from AndroidManifest.xml:8:17
	android:name
		ADDED from AndroidManifest.xml:8:27
uses-sdk
INJECTED from AndroidManifest.xml:0:0 reason: use-sdk injection requested
	android:targetSdkVersion
		INJECTED from AndroidManifest.xml:0:0
		INJECTED from AndroidManifest.xml:0:0
	android:minSdkVersion
		INJECTED from AndroidManifest.xml:0:0
		INJECTED from AndroidManifest.xml:0:0